
ROM used: 1127 (14%)
          1127 (14%) including unused fragments

          1 Average locations per line
          4 Average locations per statement

RAM used: 21 (6%) at main() level
          42 (11%) worst case

Stack used: 5 worst case (out of 8 total available)

Lines Stmts  %   Files
----- ----- ---  -----
  201   138  53  Central para GLCD.c
  330     0   0  ..\..\..\..\..\Program Files\PICC\Devices\16f877a.h
   37     0   0  ..\..\..\..\..\Program Files\PICC\Drivers\stdio.h
  409   121  47  ..\..\..\..\..\Program Files\PICC\Drivers\string.h
   32     0   0  ..\..\..\..\..\Program Files\PICC\Drivers\stddef.h
   28     0   0  ..\..\..\..\..\Program Files\PICC\Drivers\ctype.h
  409     0   0  ..\..\..\..\..\Program Files\PICC\Drivers\STRING.h
----- -----
 1446   259 Total

Page ROM  %  RAM   Vol Diff  Functions:
---- --- --- ---   --- ----  ----------
0     21   2   1             @delay_ms1
0     13   1   4    66  1.8  rda_isr
0    359  32   3  1970  5.9  actuar
0     11   1   0             @const176
0     81   7   4             @PSTRINGCN7_2400_62_63
0     11   1   0             @const179
0     11   1   0             @const180
0     11   1   0             @const181
0     11   1   0             @const182
0     11   1   0             @const183
0     11   1   0             @const184
0     11   1   0             @const185
0     11   1   0             @const186
0    170  15   1  1640  6.4  MAIN
0    328  29   3   712  5.8  TIMER0_isr
 Inline        2             @ITOF
 Inline       13             @MULFF
 Inline        4             @SFTOI
 Inline        3             @DIV88
 Inline        2             @MUL88

Program metrics:
    Functions               4
    Statements              259
    Comments                350
    Volume (V)              5507
    Difficilty (D)          19.3
    Effort to implement (E) 106239
    Time to implement (T)   1 hours, 38 minutes
    Est Delivered Bugs (B)  1
    Cyclomatic Complexity   21
    Maintainability (MI)    112

 Segment     Used  Free
-----------  ----  ----
00000-00003     4  0  
00004-00037    52  0  
00038-007FF  1071  921  
00800-00FFF     0  2048  
01000-017FF     0  2048  
01800-01FFF     0  2048  



