
ROM used: 17912 (55%)
          17914 (55%) including unused fragments

          1 Average locations per line
          11 Average locations per statement

RAM used: 377 (18%) at main() level
          760 (37%) worst case

Stack used: 12 worst case (out of 31 total available)

Lines Stmts  %   Files
----- ----- ---  -----
  177    75   5  Main.c
  461     0   0  ..\..\..\..\..\Program Files\PICC\Devices\18F4550.h
  606    78   5  tcpip\stacktsk.c
  587     0   0  tcpip\stacktsk.h
  253     0   0  tcpip\pic18.h
  203     0   0  tcpip\hardware.h
  409     0   0  ..\..\..\..\..\Program Files\PICC\Drivers\string.h
   32     0   0  ..\..\..\..\..\Program Files\PICC\Drivers\stddef.h
   28     0   0  ..\..\..\..\..\Program Files\PICC\Drivers\ctype.h
 1273   359  22  ..\..\..\..\..\Program Files\PICC\Drivers\stdlib.h
  282    39   2  tcpip\helpers.c
   65     0   0  tcpip\helpers.h
  222     0   0  tcpip\mac.h
  587     0   0  tcpip\StackTsk.h
  726     0   0  tcpip\ENC28J60.h
  155    15   1  tcpip\tick.c
  148     0   0  tcpip\tick.h
 2231   333  20  tcpip\enc28j60.c
   65     0   0  tcpip\Helpers.h
  222     0   0  tcpip\MAC.h
  307    39   2  tcpip\ip.c
  258     0   0  tcpip\ip.h
 1945   578  35  tcpip\tcp.c
  408     0   0  tcpip\tcp.h
  258    33   2  tcpip\icmp.c
  151     0   0  tcpip\icmp.h
  213    31   2  tcpip\arptsk.c
  118     0   0  tcpip\arp.h
  128     0   0  tcpip\arptsk.h
  244    53   3  tcpip\arp.c
----- -----
12762  1633 Total

Page ROM  %  RAM   Vol Diff  Functions:
---- --- --- ---   --- ----  ----------
0     44   0   1             @delay_ms1
0     58   0   5   129  4.6  strlen
0     92   0  14             @MUL3232
0    116   0   4   101  3.8  rand
0     72   0   5             @DIV1616
0     20   0   4    39  2.1  srand
0     22   0   4   178  3.0  swaps
0     34   0   8   325  3.2  swapl
0    246   1  20  1083  9.0  CalcIPChecksum
0     22   0   0   138  2.9  TickInit
0     26   0   2    86  2.1  TickGet
0     32   0   0   231  1.8  Tick_Isr
0     18   0   0    82  1.3  ENCSPIInit
0     58   0   3   312  4.7  ENCSPIXfer
0    462   1   2  3878 11.2  MACInit
0     24   0   2    91  2.7  MACIsTxReady
0     28   0   2   118  3.9  MACGetTxBuffer
0      2   0   1    22  1.0  MACDiscardTx
0    100   0   2   636  7.5  MACDiscardRx
0    278   1   6  1307  9.3  MACGetFreeRxSize
0    302   1  26  1894 10.6  MACGetHeader
0    190   1   8   989  9.0  MACPutHeader
0    500   1   2  2697 11.5  MACFlush
0    124   0   6   692  7.2  MACSetRxBuffer
0    138   0   6   576  6.5  MACSetTxBuffer
0    252   1   8  1582  9.2  MACCalcRxChecksum
0    200   1   8   908  8.1  MACCalcTxChecksum
0    328   1   6  1772 10.9  CalcIPBufferChecksum
0     44   0   1   151  2.9  MACGet
0     96   0   8   281  5.5  MACGetArray
0     30   0   1   110  2.1  MACPut
0     78   0   5   187  4.4  MACPutArray
0     22   0   0    84  2.0  SendSystemReset
0     42   0   3   158  3.1  ReadETHReg
0     50   0   3   183  3.0  ReadMACReg
0    140   0   4   444  4.3  ReadPHYReg
0     30   0   3   123  2.8  WriteReg
0     30   0   3   123  2.8  BFCReg
0     30   0   3   123  2.8  BFSReg
0    110   0   6   322  4.7  WritePHYReg
0     42   0   5   149  4.7  BankSel
0    160   0   5   647  6.3  MACSetDuplex
0    230   1  32   857  7.7  IPGetHeader
0    300   1  29  1184  7.5  IPPutHeader
0     26   0   4    33  1.7  IPSetRxBuffer
0    224   1   6   183  1.9  SwapIPHeader
0    322   1   5  1194  8.7  TCPInit
0    252   1   7   761  7.6  TCPListen
0     42   0   3    53  3.0  TCPIsConnected
0    316   1  17   497  6.9  TCPDisconnect
0    458   1  20   635  7.1  TCPFlush
0    158   0   3   197  4.0  TCPIsPutReady
0    330   1   8   790  9.0  TCPPut
0     80   0   5   200  5.1  TCPDiscard
0    214   1   7   506  6.9  TCPGet
0     46   0   3    52  2.6  TCPIsGetReady
0   1184   3  22  3640 15.7  TCPTick
0     44   0   0   119  2.6  @goto12104
0    438   1  46  1562  9.6  TCPProcess
0    558   2  58  3281 11.6  TransmitTCP
0    484   1  12  1233  9.4  FindMatching_TCP_Socket
0    550   2   8   409  2.9  SwapTCPHeader
0    260   1   4   723  5.3  CloseSocket
0   2790   8  36  7927 13.9  HandleTCPSeg
0    222   1  89   723  7.5  ICMPGet
0    284   1  87  1247  7.7  ICMPPut
0    224   1   6   203  2.0  SwapICMPPacket
0     32   0   0   414  2.8  ARPInit
0    146   0  11   511  8.0  ARPProcess
0    226   1  34   809  7.6  ARPGet
0    400   1  36  1689  7.9  ARPPut
0    212   1   6   231  2.8  SwapARPPacket
0     18   0   0   170  2.2  StackInit
0    424   1   8  2650 10.8  StackTask
0     40   0   0   370  6.7  @goto12602
0     22   0   0   333  2.8  MACAddrInit
0     44   0   0   751  2.9  IPAddrInit
0     12   0   1    33  1.7  HTTPPut
0    582   2 253  2117 12.1  HTTPTask
0    120   0   0   209  5.2  @const1415
0     36   0   1   346  7.5  @SPRINTF
0     32   0   2   318  6.5  @PSTRINGC_1417
0     16   0   0   475  7.2  @const1420
0     18   0   0   129  4.6  @const1421
0     32   0   2   436  7.9  @PSTRINGC_1400
0     26   0   0             @const1423
0     22   0   0             @const1424
0     42   0   3   271  7.0  @PSTRINGCN_1400
0     44   0   3   180  5.0  @DIV88
0    126   0   2             @PRINTF_U_1400
0     38   0   2             @PSTRINGR_1400
0     36   0   0             @goto12715
0    268   1   0   167  1.8  main

Program metrics:
    Functions               85
    Statements              1633
    Comments                7154
    Volume (V)              118534
    Difficilty (D)          495.3
    Effort to implement (E) 58705300
    Time to implement (T)   905 hours, 57 minutes
    Est Delivered Bugs (B)  50
    Cyclomatic Complexity   185
    Maintainability (MI)    135

 Segment     Used  Free
-----------  ----  ----
00000-00002     4  0  
00004-00006     2  2  
00008-000AC   166  0  
000AE-07FFE  17740  14854  



